<?xml version="1.0" encoding="UTF-8"?>
<!-- Generated by org.testng.reporters.JUnitReportReporter -->
<testsuite hostname="Samiras-MacBook-Pro.local" failures="0" tests="3" name="day11.dataProviderTesting" time="0.006" errors="0" timestamp="2022-03-07T09:49:15 EST" skipped="1">
  <testcase classname="day11.dataProviderTesting" name="myTest" time="0.005"/>
  <system-out/>
  <testcase classname="day11.dataProviderTesting" name="myTest" time="0.001"/>
  <system-out/>
  <testcase classname="day11.dataProviderTesting" name="ageTest">
    <skipped/>
  </testcase> <!-- ageTest -->
  <system-out/>
</testsuite> <!-- day11.dataProviderTesting -->
