<?xml version="1.0" encoding="UTF-8"?>
<!-- Generated by org.testng.reporters.JUnitReportReporter -->
<testsuite hostname="Samiras-MacBook-Pro.local" failures="0" tests="2" name="day10.testNGannotation" time="0.008" errors="0" timestamp="2022-02-24T20:24:00 EST" skipped="0">
  <testcase classname="day10.testNGannotation" name="test1" time="0.005"/>
  <system-out/>
  <testcase classname="day10.testNGannotation" name="test2" time="0.003"/>
  <system-out/>
</testsuite> <!-- day10.testNGannotation -->
