<?xml version="1.0" encoding="UTF-8"?>
<!-- Generated by org.testng.reporters.JUnitReportReporter -->
<testsuite hostname="Samiras-MacBook-Pro.local" failures="0" tests="2" name="day11.parallelTest" time="7.015" errors="0" timestamp="2022-03-06T21:12:25 EST" skipped="0">
  <testcase classname="day11.parallelTest" name="ChromeTest" time="4.474"/>
  <system-out/>
  <testcase classname="day11.parallelTest" name="SafariTest" time="2.541"/>
  <system-out/>
</testsuite> <!-- day11.parallelTest -->
