<?xml version="1.0" encoding="UTF-8"?>
<!-- Generated by org.testng.reporters.JUnitReportReporter -->
<testsuite hostname="Samiras-MacBook-Pro.local" failures="0" tests="2" name="day11.multiBrowser" time="0.007" errors="0" timestamp="2022-03-06T16:43:51 EST" skipped="0">
  <testcase classname="day11.multiBrowser" name="searchItem" time="0.006"/>
  <system-out/>
  <testcase classname="day11.multiBrowser" name="searchItem" time="0.001"/>
  <system-out/>
</testsuite> <!-- day11.multiBrowser -->
