<?xml version="1.0" encoding="UTF-8"?>
<!-- Generated by org.testng.reporters.JUnitReportReporter -->
<testsuite hostname="Samiras-MacBook-Pro.local" failures="0" tests="4" name="day10.orderOfTest" time="0.007" errors="0" timestamp="2022-02-24T21:07:19 EST" skipped="1">
  <testcase classname="day10.orderOfTest" name="test1" time="0.004"/>
  <system-out/>
  <testcase classname="day10.orderOfTest" name="test2" time="0.002"/>
  <system-out/>
  <testcase classname="day10.orderOfTest" name="test3" time="0.001"/>
  <system-out/>
  <testcase classname="day10.orderOfTest" name="test4">
    <skipped/>
  </testcase> <!-- test4 -->
  <system-out/>
</testsuite> <!-- day10.orderOfTest -->
