<?xml version="1.0" encoding="UTF-8"?>
<!-- Generated by org.testng.reporters.JUnitReportReporter -->
<testsuite hostname="Samiras-MacBook-Pro.local" failures="0" tests="1" name="day11.passingParameter" time="0.009" errors="0" timestamp="2022-03-01T21:11:06 EST" skipped="0">
  <testcase classname="day11.passingParameter" name="sumOf" time="0.009"/>
  <system-out/>
</testsuite> <!-- day11.passingParameter -->
